<?xml version="1.0" encoding="UTF-8"?>
<!-- Generated by org.testng.reporters.JUnitReportReporter -->
<testsuite hostname="CM1VA964" failures="0" tests="1" name="Apps.FinalTesting" time="20.966" errors="0" timestamp="2023-07-05T17:04:38 IST" skipped="0">
  <testcase classname="Apps.FinalTesting" name="verifyTitle" time="20.966"/>
  <system-out/>
</testsuite> <!-- Apps.FinalTesting -->
